  [1m[36m (36.6ms)[0m  [1mCREATE TABLE "schema_migrations" ("version" character varying NOT NULL) [0m
  [1m[35m (8.2ms)[0m  CREATE UNIQUE INDEX  "unique_schema_migrations" ON "schema_migrations"  ("version")
  [1m[36mActiveRecord::SchemaMigration Load (0.5ms)[0m  [1mSELECT "schema_migrations".* FROM "schema_migrations"[0m
Migrating to CreateVoters (20160725045916)
  [1m[35m (0.2ms)[0m  BEGIN
  [1m[36m (11.0ms)[0m  [1mCREATE TABLE "voters" ("id" serial primary key, "firstname" character varying, "lastname" character varying, "communication_mode" character varying, "email" character varying, "address" character varying, "language" character varying, "english_comfort" integer, "profile_url" character varying, "first_time_voter" boolean, "created_at" timestamp NOT NULL, "updated_at" timestamp NOT NULL) [0m
  [1m[35mSQL (0.4ms)[0m  INSERT INTO "schema_migrations" ("version") VALUES ($1)  [["version", "20160725045916"]]
  [1m[36m (4.1ms)[0m  [1mCOMMIT[0m
  [1m[35mActiveRecord::SchemaMigration Load (0.2ms)[0m  SELECT "schema_migrations".* FROM "schema_migrations"
  [1m[36m (2.2ms)[0m  [1mSELECT t2.oid::regclass::text AS to_table, a1.attname AS column, a2.attname AS primary_key, c.conname AS name, c.confupdtype AS on_update, c.confdeltype AS on_delete
FROM pg_constraint c
JOIN pg_class t1 ON c.conrelid = t1.oid
JOIN pg_class t2 ON c.confrelid = t2.oid
JOIN pg_attribute a1 ON a1.attnum = c.conkey[1] AND a1.attrelid = t1.oid
JOIN pg_attribute a2 ON a2.attnum = c.confkey[1] AND a2.attrelid = t2.oid
JOIN pg_namespace t3 ON c.connamespace = t3.oid
WHERE c.contype = 'f'
  AND t1.relname = 'voters'
  AND t3.nspname = ANY (current_schemas(false))
ORDER BY c.conname
[0m
  [1m[36mActiveRecord::SchemaMigration Load (0.7ms)[0m  [1mSELECT "schema_migrations".* FROM "schema_migrations"[0m
  [1m[35mActiveRecord::SchemaMigration Load (0.3ms)[0m  SELECT "schema_migrations".* FROM "schema_migrations"
Migrating to CreateVoters (20160725045916)
  [1m[36m (0.2ms)[0m  [1mBEGIN[0m
  [1m[35m (34.5ms)[0m  DROP TABLE "voters"
  [1m[36mSQL (6.1ms)[0m  [1mDELETE FROM "schema_migrations" WHERE "schema_migrations"."version" = $1[0m  [["version", "20160725045916"]]
  [1m[35m (9.3ms)[0m  COMMIT
  [1m[36mActiveRecord::SchemaMigration Load (0.1ms)[0m  [1mSELECT "schema_migrations".* FROM "schema_migrations"[0m
  [1m[36mActiveRecord::SchemaMigration Load (0.3ms)[0m  [1mSELECT "schema_migrations".* FROM "schema_migrations"[0m
Migrating to CreateVoters (20160725045916)
  [1m[35m (0.1ms)[0m  BEGIN
  [1m[36m (15.9ms)[0m  [1mCREATE TABLE "voters" ("id" serial primary key, "firstname" character varying, "lastname" character varying, "communication_mode" character varying, "contact" character varying, "address" character varying, "language" character varying, "english_comfort" integer, "profile_url" character varying, "first_time_voter" boolean, "created_at" timestamp NOT NULL, "updated_at" timestamp NOT NULL) [0m
  [1m[35mSQL (0.4ms)[0m  INSERT INTO "schema_migrations" ("version") VALUES ($1)  [["version", "20160725045916"]]
  [1m[36m (2.4ms)[0m  [1mCOMMIT[0m
  [1m[35mActiveRecord::SchemaMigration Load (0.8ms)[0m  SELECT "schema_migrations".* FROM "schema_migrations"
  [1m[36m (3.0ms)[0m  [1mSELECT t2.oid::regclass::text AS to_table, a1.attname AS column, a2.attname AS primary_key, c.conname AS name, c.confupdtype AS on_update, c.confdeltype AS on_delete
FROM pg_constraint c
JOIN pg_class t1 ON c.conrelid = t1.oid
JOIN pg_class t2 ON c.confrelid = t2.oid
JOIN pg_attribute a1 ON a1.attnum = c.conkey[1] AND a1.attrelid = t1.oid
JOIN pg_attribute a2 ON a2.attnum = c.confkey[1] AND a2.attrelid = t2.oid
JOIN pg_namespace t3 ON c.connamespace = t3.oid
WHERE c.contype = 'f'
  AND t1.relname = 'voters'
  AND t3.nspname = ANY (current_schemas(false))
ORDER BY c.conname
[0m
  [1m[36mActiveRecord::SchemaMigration Load (0.7ms)[0m  [1mSELECT "schema_migrations".* FROM "schema_migrations"[0m
  [1m[35mActiveRecord::SchemaMigration Load (0.2ms)[0m  SELECT "schema_migrations".* FROM "schema_migrations"
Migrating to CreateVoters (20160725045916)
  [1m[36m (0.2ms)[0m  [1mBEGIN[0m
  [1m[35m (18.7ms)[0m  DROP TABLE "voters"
  [1m[36mSQL (0.5ms)[0m  [1mDELETE FROM "schema_migrations" WHERE "schema_migrations"."version" = $1[0m  [["version", "20160725045916"]]
  [1m[35m (6.8ms)[0m  COMMIT
  [1m[36mActiveRecord::SchemaMigration Load (0.1ms)[0m  [1mSELECT "schema_migrations".* FROM "schema_migrations"[0m
  [1m[36mActiveRecord::SchemaMigration Load (0.3ms)[0m  [1mSELECT "schema_migrations".* FROM "schema_migrations"[0m
Migrating to CreateVoters (20160725045916)
  [1m[35m (0.1ms)[0m  BEGIN
  [1m[36m (18.1ms)[0m  [1mCREATE TABLE "voters" ("id" serial primary key, "firstname" character varying, "lastname" character varying, "communication_mode" character varying, "contact" character varying, "address" character varying, "language" character varying, "english_comfort" integer, "first_time_voter" boolean, "created_at" timestamp NOT NULL, "updated_at" timestamp NOT NULL) [0m
  [1m[35mSQL (2.6ms)[0m  INSERT INTO "schema_migrations" ("version") VALUES ($1)  [["version", "20160725045916"]]
  [1m[36m (3.6ms)[0m  [1mCOMMIT[0m
  [1m[35mActiveRecord::SchemaMigration Load (0.6ms)[0m  SELECT "schema_migrations".* FROM "schema_migrations"
  [1m[36m (3.6ms)[0m  [1mSELECT t2.oid::regclass::text AS to_table, a1.attname AS column, a2.attname AS primary_key, c.conname AS name, c.confupdtype AS on_update, c.confdeltype AS on_delete
FROM pg_constraint c
JOIN pg_class t1 ON c.conrelid = t1.oid
JOIN pg_class t2 ON c.confrelid = t2.oid
JOIN pg_attribute a1 ON a1.attnum = c.conkey[1] AND a1.attrelid = t1.oid
JOIN pg_attribute a2 ON a2.attnum = c.confkey[1] AND a2.attrelid = t2.oid
JOIN pg_namespace t3 ON c.connamespace = t3.oid
WHERE c.contype = 'f'
  AND t1.relname = 'voters'
  AND t3.nspname = ANY (current_schemas(false))
ORDER BY c.conname
[0m


Started GET "/" for 127.0.0.1 at 2016-07-25 13:46:45 -0700
  [1m[36mActiveRecord::SchemaMigration Load (3.3ms)[0m  [1mSELECT "schema_migrations".* FROM "schema_migrations"[0m
Processing by VotersController#new as HTML
Completed 500 Internal Server Error in 7ms (ActiveRecord: 0.0ms)

ArgumentError (Unknown validator: 'MessageValidator'):
  app/models/voter.rb:19:in `<class:Voter>'
  app/models/voter.rb:1:in `<top (required)>'
  app/controllers/voters_controller.rb:3:in `new'


  Rendered /Users/jimpugh/.rvm/gems/ruby-2.2.1/gems/actionpack-4.2.5/lib/action_dispatch/middleware/templates/rescues/_source.erb (5.0ms)
  Rendered /Users/jimpugh/.rvm/gems/ruby-2.2.1/gems/actionpack-4.2.5/lib/action_dispatch/middleware/templates/rescues/_trace.html.erb (3.8ms)
  Rendered /Users/jimpugh/.rvm/gems/ruby-2.2.1/gems/actionpack-4.2.5/lib/action_dispatch/middleware/templates/rescues/_request_and_response.html.erb (11.4ms)
  Rendered /Users/jimpugh/.rvm/gems/ruby-2.2.1/gems/actionpack-4.2.5/lib/action_dispatch/middleware/templates/rescues/diagnostics.html.erb within rescues/layout (71.4ms)


Started GET "/" for 127.0.0.1 at 2016-07-25 13:49:37 -0700
Processing by VotersController#new as HTML
  Rendered voters/new.html.erb within layouts/application (73.7ms)
Completed 500 Internal Server Error in 152ms (ActiveRecord: 43.1ms)

ActionView::Template::Error (undefined method `check_box_field' for #<ActionView::Helpers::FormBuilder:0x007fdee6878d50>):
    39: 	</fieldset>
    40: 
    41: 	<fieldset>
    42: 		<%= f.check_box_field :first_time_voter, { :placeholder => 'Are you a first-time voter?' } %>
    43: 	</fieldset>
    44: 
    45: 	<%= f.submit 'Sign Up', :class => 'big-button' %>
  app/views/voters/new.html.erb:42:in `block in _app_views_voters_new_html_erb___1599962671129940400_70297663653500'
  app/views/voters/new.html.erb:3:in `_app_views_voters_new_html_erb___1599962671129940400_70297663653500'


  Rendered /Users/jimpugh/.rvm/gems/ruby-2.2.1/gems/actionpack-4.2.5/lib/action_dispatch/middleware/templates/rescues/_source.erb (9.6ms)
  Rendered /Users/jimpugh/.rvm/gems/ruby-2.2.1/gems/actionpack-4.2.5/lib/action_dispatch/middleware/templates/rescues/_trace.html.erb (5.8ms)
  Rendered /Users/jimpugh/.rvm/gems/ruby-2.2.1/gems/actionpack-4.2.5/lib/action_dispatch/middleware/templates/rescues/_request_and_response.html.erb (1.9ms)
  Rendered /Users/jimpugh/.rvm/gems/ruby-2.2.1/gems/actionpack-4.2.5/lib/action_dispatch/middleware/templates/rescues/template_error.html.erb within rescues/layout (74.9ms)


Started GET "/" for 127.0.0.1 at 2016-07-25 13:49:52 -0700
Processing by VotersController#new as HTML
  Rendered voters/new.html.erb within layouts/application (13.3ms)
Completed 500 Internal Server Error in 16ms (ActiveRecord: 0.0ms)

ActionView::Template::Error (undefined method `checkbox_field' for #<ActionView::Helpers::FormBuilder:0x007fdee34677c8>):
    39: 	</fieldset>
    40: 
    41: 	<fieldset>
    42: 		<%= f.checkbox_field :first_time_voter, { :placeholder => 'Are you a first-time voter?' } %>
    43: 	</fieldset>
    44: 
    45: 	<%= f.submit 'Sign Up', :class => 'big-button' %>
  app/views/voters/new.html.erb:42:in `block in _app_views_voters_new_html_erb___1599962671129940400_70297632393620'
  app/views/voters/new.html.erb:3:in `_app_views_voters_new_html_erb___1599962671129940400_70297632393620'


  Rendered /Users/jimpugh/.rvm/gems/ruby-2.2.1/gems/actionpack-4.2.5/lib/action_dispatch/middleware/templates/rescues/_source.erb (7.0ms)
  Rendered /Users/jimpugh/.rvm/gems/ruby-2.2.1/gems/actionpack-4.2.5/lib/action_dispatch/middleware/templates/rescues/_trace.html.erb (2.7ms)
  Rendered /Users/jimpugh/.rvm/gems/ruby-2.2.1/gems/actionpack-4.2.5/lib/action_dispatch/middleware/templates/rescues/_request_and_response.html.erb (1.6ms)
  Rendered /Users/jimpugh/.rvm/gems/ruby-2.2.1/gems/actionpack-4.2.5/lib/action_dispatch/middleware/templates/rescues/template_error.html.erb within rescues/layout (54.3ms)


Started GET "/" for 127.0.0.1 at 2016-07-25 13:51:21 -0700
Processing by VotersController#new as HTML
  Rendered voters/new.html.erb within layouts/application (31.2ms)
Completed 500 Internal Server Error in 395ms (ActiveRecord: 0.0ms)

ActionView::Template::Error (couldn't find file 'turbolinks' with type 'application/javascript'
Checked in these paths: 
  /Users/jimpugh/votervox/app/assets/images
  /Users/jimpugh/votervox/app/assets/javascripts
  /Users/jimpugh/votervox/app/assets/stylesheets
  /Users/jimpugh/votervox/vendor/assets/javascripts
  /Users/jimpugh/votervox/vendor/assets/stylesheets
  /Users/jimpugh/.rvm/gems/ruby-2.2.1/gems/jquery-ui-rails-5.0.5/app/assets/images
  /Users/jimpugh/.rvm/gems/ruby-2.2.1/gems/jquery-ui-rails-5.0.5/app/assets/javascripts
  /Users/jimpugh/.rvm/gems/ruby-2.2.1/gems/jquery-ui-rails-5.0.5/app/assets/stylesheets
  /Users/jimpugh/.rvm/gems/ruby-2.2.1/gems/jquery-rails-4.1.1/vendor/assets/javascripts):
    2: <html>
    3: <head>
    4:   <title>VoterVox</title>
    5:   <%= stylesheet_link_tag    'application', media: 'all', 'data-turbolinks-track' => true %>
    6:   <%= javascript_include_tag 'application', 'data-turbolinks-track' => true %>
    7:   <%= csrf_meta_tags %>
    8: </head>
  app/assets/javascripts/application.js:15
  app/views/layouts/application.html.erb:5:in `_app_views_layouts_application_html_erb__3574932645971001634_70297663636760'


  Rendered /Users/jimpugh/.rvm/gems/ruby-2.2.1/gems/actionpack-4.2.5/lib/action_dispatch/middleware/templates/rescues/_source.erb (10.4ms)
  Rendered /Users/jimpugh/.rvm/gems/ruby-2.2.1/gems/actionpack-4.2.5/lib/action_dispatch/middleware/templates/rescues/_trace.html.erb (4.9ms)
  Rendered /Users/jimpugh/.rvm/gems/ruby-2.2.1/gems/actionpack-4.2.5/lib/action_dispatch/middleware/templates/rescues/_request_and_response.html.erb (1.6ms)
  Rendered /Users/jimpugh/.rvm/gems/ruby-2.2.1/gems/actionpack-4.2.5/lib/action_dispatch/middleware/templates/rescues/template_error.html.erb within rescues/layout (56.4ms)


Started GET "/" for 127.0.0.1 at 2016-07-25 13:51:37 -0700
Processing by VotersController#new as HTML
  Rendered voters/new.html.erb within layouts/application (2.4ms)
Completed 200 OK in 269ms (Views: 268.2ms | ActiveRecord: 0.0ms)


Started GET "/assets/voters.self-b60acab5af8d245ed2b3012f77d11d8d207d8eada27756badaf4ef05770d60f6.css?body=1" for 127.0.0.1 at 2016-07-25 13:51:37 -0700


Started GET "/assets/application.self-e80e8f2318043e8af94dddc2adad5a4f09739a8ebb323b3ab31cd71d45fd9113.css?body=1" for 127.0.0.1 at 2016-07-25 13:51:37 -0700


Started GET "/assets/application.self-377610cd7c1509e934744c810e3b4cf672dfbcacac3274e7d039827e2ae0fcc7.js?body=1" for 127.0.0.1 at 2016-07-25 13:51:37 -0700


Started GET "/assets/jquery.self-660adc51e0224b731d29f575a6f1ec167ba08ad06ed5deca4f1e8654c135bf4c.js?body=1" for 127.0.0.1 at 2016-07-25 13:51:37 -0700


Started GET "/assets/jquery_ujs.self-e87806d0cf4489aeb1bb7288016024e8de67fd18db693fe026fe3907581e53cd.js?body=1" for 127.0.0.1 at 2016-07-25 13:51:37 -0700


Started GET "/assets/voters.self-19a187bec6cdb96d6de80a61c16c857c613536adf9138476bd367db38d282635.js?body=1" for 127.0.0.1 at 2016-07-25 13:51:37 -0700


Started POST "/voters" for 127.0.0.1 at 2016-07-25 13:51:42 -0700
Processing by VotersController#create as HTML
  Parameters: {"utf8"=>"✓", "authenticity_token"=>"WFaavClTPmFoetf33PrXWnnRCfBUpcQeUE3RDb65+vHK9B6IJJ0aq+hY8NGBwUH8L3iO0jJGMEYuv0IrXkr8Rw==", "voter"=>{"firstname"=>"", "lastname"=>"", "communication_mode"=>"sms", "contact"=>"", "address"=>"", "language"=>"", "english_comfort"=>"1", "first_time_voter"=>"0"}, "commit"=>"Sign Up"}
  [1m[35m (0.2ms)[0m  BEGIN
  [1m[36mVoter Exists (12.3ms)[0m  [1mSELECT  1 AS one FROM "voters" WHERE ("voters"."contact" = '' AND "voters"."communication_mode" = 'sms') LIMIT 1[0m
  [1m[35m (0.1ms)[0m  ROLLBACK
Completed 500 Internal Server Error in 102ms (ActiveRecord: 12.6ms)

NameError (undefined local variable or method `contact_type' for #<Voter:0x007fdee37da068>):
  app/models/voter.rb:40:in `sms_contact?'
  app/controllers/voters_controller.rb:10:in `create'


  Rendered /Users/jimpugh/.rvm/gems/ruby-2.2.1/gems/actionpack-4.2.5/lib/action_dispatch/middleware/templates/rescues/_source.erb (6.5ms)
  Rendered /Users/jimpugh/.rvm/gems/ruby-2.2.1/gems/actionpack-4.2.5/lib/action_dispatch/middleware/templates/rescues/_trace.html.erb (2.8ms)
  Rendered /Users/jimpugh/.rvm/gems/ruby-2.2.1/gems/actionpack-4.2.5/lib/action_dispatch/middleware/templates/rescues/_request_and_response.html.erb (1.4ms)
  Rendered /Users/jimpugh/.rvm/gems/ruby-2.2.1/gems/actionpack-4.2.5/lib/action_dispatch/middleware/templates/rescues/diagnostics.html.erb within rescues/layout (49.3ms)


Started POST "/voters" for 127.0.0.1 at 2016-07-25 13:52:01 -0700
Processing by VotersController#create as HTML
  Parameters: {"utf8"=>"✓", "authenticity_token"=>"WFaavClTPmFoetf33PrXWnnRCfBUpcQeUE3RDb65+vHK9B6IJJ0aq+hY8NGBwUH8L3iO0jJGMEYuv0IrXkr8Rw==", "voter"=>{"firstname"=>"", "lastname"=>"", "communication_mode"=>"sms", "contact"=>"", "address"=>"", "language"=>"", "english_comfort"=>"1", "first_time_voter"=>"0"}, "commit"=>"Sign Up"}
  [1m[36m (0.1ms)[0m  [1mBEGIN[0m
  [1m[35mVoter Exists (0.2ms)[0m  SELECT  1 AS one FROM "voters" WHERE ("voters"."contact" = '' AND "voters"."communication_mode" = 'sms') LIMIT 1
  [1m[36m (0.2ms)[0m  [1mROLLBACK[0m
  [1m[35m (0.1ms)[0m  BEGIN
  [1m[36mVoter Exists (0.2ms)[0m  [1mSELECT  1 AS one FROM "voters" WHERE ("voters"."contact" = '' AND "voters"."communication_mode" = 'sms') LIMIT 1[0m
  [1m[35m (0.1ms)[0m  ROLLBACK
  Rendered voters/new.html.erb within layouts/application (3.6ms)
Completed 500 Internal Server Error in 31ms (ActiveRecord: 2.5ms)

ActionView::Template::Error (undefined method `map' for nil:NilClass):
    18: 
    19: 	<fieldset>
    20: 		<%= f.select :communication_mode,
    21: 			options_for_select(@communication_options, @voter.communication_mode || false) %>
    22: 	</fieldset>
    23: 
    24: 	<fieldset>
  app/views/voters/new.html.erb:21:in `block in _app_views_voters_new_html_erb___1599962671129940400_70297664478640'
  app/views/voters/new.html.erb:3:in `_app_views_voters_new_html_erb___1599962671129940400_70297664478640'
  app/controllers/voters_controller.rb:15:in `create'


  Rendered /Users/jimpugh/.rvm/gems/ruby-2.2.1/gems/actionpack-4.2.5/lib/action_dispatch/middleware/templates/rescues/_source.erb (9.5ms)
  Rendered /Users/jimpugh/.rvm/gems/ruby-2.2.1/gems/actionpack-4.2.5/lib/action_dispatch/middleware/templates/rescues/_trace.html.erb (1.9ms)
  Rendered /Users/jimpugh/.rvm/gems/ruby-2.2.1/gems/actionpack-4.2.5/lib/action_dispatch/middleware/templates/rescues/_request_and_response.html.erb (1.6ms)
  Rendered /Users/jimpugh/.rvm/gems/ruby-2.2.1/gems/actionpack-4.2.5/lib/action_dispatch/middleware/templates/rescues/template_error.html.erb within rescues/layout (49.2ms)


Started GET "/" for 127.0.0.1 at 2016-07-25 13:58:19 -0700
Processing by VotersController#new as HTML
  Rendered voters/new.html.erb within layouts/application (7.7ms)
Completed 200 OK in 58ms (Views: 56.8ms | ActiveRecord: 0.0ms)


Started POST "/voters" for 127.0.0.1 at 2016-07-25 13:58:26 -0700
Processing by VotersController#create as HTML
  Parameters: {"utf8"=>"✓", "authenticity_token"=>"/6fUgbu32gcPySTMMbxEbntfR2Pewanv7XBQ1GzDUhVtBVC1tnn+zY/rA+psh9LILfbAQbgiXbeTgsPyjDBUow==", "voter"=>{"firstname"=>"", "lastname"=>"", "communication_mode"=>"", "contact"=>"", "address"=>"", "language"=>"", "english_comfort"=>"", "first_time_voter"=>"0"}, "commit"=>"Sign Up"}
  [1m[36m (0.1ms)[0m  [1mBEGIN[0m
  [1m[35mVoter Exists (0.3ms)[0m  SELECT  1 AS one FROM "voters" WHERE ("voters"."contact" = '' AND "voters"."communication_mode" = '') LIMIT 1
  [1m[36m (0.1ms)[0m  [1mROLLBACK[0m
  [1m[35m (0.1ms)[0m  BEGIN
  [1m[36mVoter Exists (0.5ms)[0m  [1mSELECT  1 AS one FROM "voters" WHERE ("voters"."contact" = '' AND "voters"."communication_mode" = '') LIMIT 1[0m
  [1m[35m (0.3ms)[0m  ROLLBACK
  Rendered voters/new.html.erb within layouts/application (2.3ms)
Completed 500 Internal Server Error in 14ms (ActiveRecord: 1.4ms)

ActionView::Template::Error (undefined method `map' for nil:NilClass):
    18: 
    19: 	<fieldset>
    20: 		<%= f.select :communication_mode,
    21: 			options_for_select(@communication_options, @voter.communication_mode || false),
    22: 			{ include_blank: '[ Preferred Communication Mode ]' } %>
    23: 	</fieldset>
    24: 
  app/views/voters/new.html.erb:21:in `block in _app_views_voters_new_html_erb___1599962671129940400_70297685314760'
  app/views/voters/new.html.erb:3:in `_app_views_voters_new_html_erb___1599962671129940400_70297685314760'
  app/controllers/voters_controller.rb:15:in `create'


  Rendered /Users/jimpugh/.rvm/gems/ruby-2.2.1/gems/actionpack-4.2.5/lib/action_dispatch/middleware/templates/rescues/_source.erb (6.6ms)
  Rendered /Users/jimpugh/.rvm/gems/ruby-2.2.1/gems/actionpack-4.2.5/lib/action_dispatch/middleware/templates/rescues/_trace.html.erb (3.1ms)
  Rendered /Users/jimpugh/.rvm/gems/ruby-2.2.1/gems/actionpack-4.2.5/lib/action_dispatch/middleware/templates/rescues/_request_and_response.html.erb (1.5ms)
  Rendered /Users/jimpugh/.rvm/gems/ruby-2.2.1/gems/actionpack-4.2.5/lib/action_dispatch/middleware/templates/rescues/template_error.html.erb within rescues/layout (53.8ms)


Started POST "/voters" for 127.0.0.1 at 2016-07-25 13:58:50 -0700
Processing by VotersController#create as HTML
  Parameters: {"utf8"=>"✓", "authenticity_token"=>"/6fUgbu32gcPySTMMbxEbntfR2Pewanv7XBQ1GzDUhVtBVC1tnn+zY/rA+psh9LILfbAQbgiXbeTgsPyjDBUow==", "voter"=>{"firstname"=>"", "lastname"=>"", "communication_mode"=>"", "contact"=>"", "address"=>"", "language"=>"", "english_comfort"=>"", "first_time_voter"=>"0"}, "commit"=>"Sign Up"}
  [1m[36m (0.2ms)[0m  [1mBEGIN[0m
  [1m[35mVoter Exists (0.5ms)[0m  SELECT  1 AS one FROM "voters" WHERE ("voters"."contact" = '' AND "voters"."communication_mode" = '') LIMIT 1
  [1m[36m (0.2ms)[0m  [1mROLLBACK[0m
  [1m[35m (0.1ms)[0m  BEGIN
  [1m[36mVoter Exists (0.4ms)[0m  [1mSELECT  1 AS one FROM "voters" WHERE ("voters"."contact" = '' AND "voters"."communication_mode" = '') LIMIT 1[0m
  [1m[35m (0.2ms)[0m  ROLLBACK
  Rendered voters/new.html.erb within layouts/application (5.6ms)
Completed 200 OK in 91ms (Views: 50.1ms | ActiveRecord: 6.3ms)


Started GET "/assets/application.self-e80e8f2318043e8af94dddc2adad5a4f09739a8ebb323b3ab31cd71d45fd9113.css?body=1" for 127.0.0.1 at 2016-07-25 13:58:50 -0700


Started GET "/assets/voters.self-b60acab5af8d245ed2b3012f77d11d8d207d8eada27756badaf4ef05770d60f6.css?body=1" for 127.0.0.1 at 2016-07-25 13:58:50 -0700


Started GET "/assets/jquery_ujs.self-e87806d0cf4489aeb1bb7288016024e8de67fd18db693fe026fe3907581e53cd.js?body=1" for 127.0.0.1 at 2016-07-25 13:58:50 -0700


Started GET "/assets/jquery.self-660adc51e0224b731d29f575a6f1ec167ba08ad06ed5deca4f1e8654c135bf4c.js?body=1" for 127.0.0.1 at 2016-07-25 13:58:50 -0700


Started GET "/assets/voters.self-19a187bec6cdb96d6de80a61c16c857c613536adf9138476bd367db38d282635.js?body=1" for 127.0.0.1 at 2016-07-25 13:58:50 -0700


Started GET "/assets/application.self-377610cd7c1509e934744c810e3b4cf672dfbcacac3274e7d039827e2ae0fcc7.js?body=1" for 127.0.0.1 at 2016-07-25 13:58:50 -0700


Started POST "/voters" for 127.0.0.1 at 2016-07-25 13:59:23 -0700
Processing by VotersController#create as HTML
  Parameters: {"utf8"=>"✓", "authenticity_token"=>"/6fUgbu32gcPySTMMbxEbntfR2Pewanv7XBQ1GzDUhVtBVC1tnn+zY/rA+psh9LILfbAQbgiXbeTgsPyjDBUow==", "voter"=>{"firstname"=>"", "lastname"=>"", "communication_mode"=>"", "contact"=>"", "address"=>"", "language"=>"", "english_comfort"=>"", "first_time_voter"=>"0"}, "commit"=>"Sign Up"}
  [1m[36m (0.1ms)[0m  [1mBEGIN[0m
  [1m[35mVoter Exists (0.3ms)[0m  SELECT  1 AS one FROM "voters" WHERE ("voters"."contact" = '' AND "voters"."communication_mode" = '') LIMIT 1
  [1m[36m (0.2ms)[0m  [1mROLLBACK[0m
  [1m[35m (0.1ms)[0m  BEGIN
  [1m[36mVoter Exists (0.3ms)[0m  [1mSELECT  1 AS one FROM "voters" WHERE ("voters"."contact" = '' AND "voters"."communication_mode" = '') LIMIT 1[0m
  [1m[35m (0.1ms)[0m  ROLLBACK
  Rendered voters/new.html.erb within layouts/application (3.8ms)
Completed 200 OK in 58ms (Views: 34.2ms | ActiveRecord: 3.2ms)


Started GET "/assets/jquery.self-660adc51e0224b731d29f575a6f1ec167ba08ad06ed5deca4f1e8654c135bf4c.js?body=1" for 127.0.0.1 at 2016-07-25 13:59:24 -0700


Started GET "/assets/application.self-e80e8f2318043e8af94dddc2adad5a4f09739a8ebb323b3ab31cd71d45fd9113.css?body=1" for 127.0.0.1 at 2016-07-25 13:59:24 -0700


Started GET "/assets/application.self-377610cd7c1509e934744c810e3b4cf672dfbcacac3274e7d039827e2ae0fcc7.js?body=1" for 127.0.0.1 at 2016-07-25 13:59:24 -0700


Started GET "/assets/jquery_ujs.self-e87806d0cf4489aeb1bb7288016024e8de67fd18db693fe026fe3907581e53cd.js?body=1" for 127.0.0.1 at 2016-07-25 13:59:24 -0700


Started GET "/assets/voters.self-19a187bec6cdb96d6de80a61c16c857c613536adf9138476bd367db38d282635.js?body=1" for 127.0.0.1 at 2016-07-25 13:59:24 -0700


Started GET "/assets/voters.self-b60acab5af8d245ed2b3012f77d11d8d207d8eada27756badaf4ef05770d60f6.css?body=1" for 127.0.0.1 at 2016-07-25 13:59:24 -0700


Started POST "/voters" for 127.0.0.1 at 2016-07-25 14:20:34 -0700
Processing by VotersController#create as HTML
  Parameters: {"utf8"=>"✓", "authenticity_token"=>"azO1sdQr1NW+iBV4SSmybANbApxQJtdLdj9JnYllfPz5kTGF2eXwHz6qMl4UEiTKVfKFvjbFIxMIzdq7aZZ6Sg==", "voter"=>{"firstname"=>"Jim", "lastname"=>"Pugh", "communication_mode"=>"sms", "contact"=>"jim.pugh@gmail.com", "address"=>"88 KING ST UNIT 523", "language"=>"English", "english_comfort"=>"3", "first_time_voter"=>"1"}, "commit"=>"Sign Up"}
  [1m[36m (0.4ms)[0m  [1mBEGIN[0m
  [1m[35mVoter Exists (1.0ms)[0m  SELECT  1 AS one FROM "voters" WHERE ("voters"."contact" = 'jim.pugh@gmail.com' AND "voters"."communication_mode" = 'sms') LIMIT 1
  [1m[36m (0.3ms)[0m  [1mROLLBACK[0m
  [1m[35m (0.4ms)[0m  BEGIN
  [1m[36mVoter Exists (0.3ms)[0m  [1mSELECT  1 AS one FROM "voters" WHERE ("voters"."contact" = 'jim.pugh@gmail.com' AND "voters"."communication_mode" = 'sms') LIMIT 1[0m
  [1m[35m (0.3ms)[0m  ROLLBACK
  Rendered voters/new.html.erb within layouts/application (14.6ms)
Completed 200 OK in 218ms (Views: 106.8ms | ActiveRecord: 2.7ms)


Started POST "/voters" for 127.0.0.1 at 2016-07-25 14:20:48 -0700
Processing by VotersController#create as HTML
  Parameters: {"utf8"=>"✓", "authenticity_token"=>"MWhjmhPWWC+xPQTHKTfZVt4CkGI/3ZubdDgDqoGcDB+jyueuHhh85TEfI+F0DE/wiKsXQFk+b8MKypCMYW8KqQ==", "voter"=>{"firstname"=>"Jim", "lastname"=>"Pugh", "communication_mode"=>"email", "contact"=>"707-684-6107", "address"=>"88 KING ST UNIT 523", "language"=>"English", "english_comfort"=>"3", "first_time_voter"=>"1"}, "commit"=>"Sign Up"}
  [1m[36m (0.2ms)[0m  [1mBEGIN[0m
  [1m[35mVoter Exists (2.8ms)[0m  SELECT  1 AS one FROM "voters" WHERE ("voters"."contact" = '707-684-6107' AND "voters"."communication_mode" = 'email') LIMIT 1
  [1m[36m (0.2ms)[0m  [1mROLLBACK[0m
  [1m[35m (0.1ms)[0m  BEGIN
  [1m[36mVoter Exists (0.5ms)[0m  [1mSELECT  1 AS one FROM "voters" WHERE ("voters"."contact" = '707-684-6107' AND "voters"."communication_mode" = 'email') LIMIT 1[0m
  [1m[35m (0.1ms)[0m  ROLLBACK
  Rendered voters/new.html.erb within layouts/application (11.0ms)
Completed 200 OK in 85ms (Views: 69.2ms | ActiveRecord: 3.8ms)


Started POST "/voters" for 127.0.0.1 at 2016-07-25 14:20:56 -0700
Processing by VotersController#create as HTML
  Parameters: {"utf8"=>"✓", "authenticity_token"=>"3qjbacxZD89I6MehkWRqm91ZSBuVYHZRTFB/K18eqPtMCl9dwZcrBcjK4IfMX/w9i/DPOfODggkyouwNv+2uTQ==", "voter"=>{"firstname"=>"Jim", "lastname"=>"Pugh", "communication_mode"=>"email", "contact"=>"jim.pugh@gmail.com", "address"=>"88 KING ST UNIT 523", "language"=>"English", "english_comfort"=>"3", "first_time_voter"=>"1"}, "commit"=>"Sign Up"}
  [1m[36m (0.3ms)[0m  [1mBEGIN[0m
  [1m[35mVoter Exists (0.3ms)[0m  SELECT  1 AS one FROM "voters" WHERE ("voters"."contact" = 'jim.pugh@gmail.com' AND "voters"."communication_mode" = 'email') LIMIT 1
  [1m[36mSQL (30.4ms)[0m  [1mINSERT INTO "voters" ("firstname", "lastname", "communication_mode", "contact", "address", "language", "english_comfort", "first_time_voter", "created_at", "updated_at") VALUES ($1, $2, $3, $4, $5, $6, $7, $8, $9, $10) RETURNING "id"[0m  [["firstname", "Jim"], ["lastname", "Pugh"], ["communication_mode", "email"], ["contact", "jim.pugh@gmail.com"], ["address", "88 KING ST UNIT 523"], ["language", "English"], ["english_comfort", 3], ["first_time_voter", "t"], ["created_at", "2016-07-25 21:20:56.504959"], ["updated_at", "2016-07-25 21:20:56.504959"]]
  [1m[35m (11.2ms)[0m  COMMIT
  [1m[36m (0.1ms)[0m  [1mBEGIN[0m
  [1m[35mVoter Exists (1.3ms)[0m  SELECT  1 AS one FROM "voters" WHERE ("voters"."contact" = 'jim.pugh@gmail.com' AND "voters"."id" != 1 AND "voters"."communication_mode" = 'email') LIMIT 1
  [1m[36m (0.2ms)[0m  [1mCOMMIT[0m
Redirected to http:///voters/1ekg
Completed 302 Found in 160ms (ActiveRecord: 44.2ms)


Started GET "/voters/1ekg" for 127.0.0.1 at 2016-07-25 14:20:56 -0700
Processing by VotersController#voter_home as HTML
  Parameters: {"hashed_id"=>"1ekg"}
  [1m[35mVoter Load (0.4ms)[0m  SELECT  "voters".* FROM "voters" WHERE "voters"."id" = $1 LIMIT 1  [["id", 0]]
Completed 404 Not Found in 70ms (ActiveRecord: 0.4ms)

ActiveRecord::RecordNotFound (Couldn't find Voter with 'id'=0):
  app/models/voter.rb:53:in `find_by_hashed_id'
  app/controllers/voters_controller.rb:22:in `voter_home'


  Rendered /Users/jimpugh/.rvm/gems/ruby-2.2.1/gems/actionpack-4.2.5/lib/action_dispatch/middleware/templates/rescues/_source.erb (16.0ms)
  Rendered /Users/jimpugh/.rvm/gems/ruby-2.2.1/gems/actionpack-4.2.5/lib/action_dispatch/middleware/templates/rescues/_trace.html.erb (8.2ms)
  Rendered /Users/jimpugh/.rvm/gems/ruby-2.2.1/gems/actionpack-4.2.5/lib/action_dispatch/middleware/templates/rescues/_request_and_response.html.erb (2.3ms)
  Rendered /Users/jimpugh/.rvm/gems/ruby-2.2.1/gems/actionpack-4.2.5/lib/action_dispatch/middleware/templates/rescues/diagnostics.html.erb within rescues/layout (71.9ms)


Started GET "/voters/1ekg" for 127.0.0.1 at 2016-07-25 14:22:07 -0700
Processing by VotersController#voter_home as HTML
  Parameters: {"hashed_id"=>"1ekg"}
  [1m[36mVoter Load (0.2ms)[0m  [1mSELECT  "voters".* FROM "voters" WHERE "voters"."id" = $1 LIMIT 1[0m  [["id", 0]]
Completed 404 Not Found in 12ms (ActiveRecord: 3.1ms)

ActiveRecord::RecordNotFound (Couldn't find Voter with 'id'=0):
  app/models/voter.rb:53:in `find_by_hashed_id'
  app/controllers/voters_controller.rb:22:in `voter_home'


  Rendered /Users/jimpugh/.rvm/gems/ruby-2.2.1/gems/actionpack-4.2.5/lib/action_dispatch/middleware/templates/rescues/_source.erb (5.6ms)
  Rendered /Users/jimpugh/.rvm/gems/ruby-2.2.1/gems/actionpack-4.2.5/lib/action_dispatch/middleware/templates/rescues/_trace.html.erb (1.8ms)
  Rendered /Users/jimpugh/.rvm/gems/ruby-2.2.1/gems/actionpack-4.2.5/lib/action_dispatch/middleware/templates/rescues/_request_and_response.html.erb (1.5ms)
  Rendered /Users/jimpugh/.rvm/gems/ruby-2.2.1/gems/actionpack-4.2.5/lib/action_dispatch/middleware/templates/rescues/diagnostics.html.erb within rescues/layout (44.8ms)


Started GET "/voters/1ekg" for 127.0.0.1 at 2016-07-25 14:22:31 -0700
Processing by VotersController#voter_home as HTML
  Parameters: {"hashed_id"=>"1ekg"}
Completed 500 Internal Server Error in 5ms (ActiveRecord: 0.0ms)

NoMethodError (undefined method `to_is' for "1ekg":String):
  app/models/voter.rb:53:in `find_by_hashed_id'
  app/controllers/voters_controller.rb:22:in `voter_home'


  Rendered /Users/jimpugh/.rvm/gems/ruby-2.2.1/gems/actionpack-4.2.5/lib/action_dispatch/middleware/templates/rescues/_source.erb (4.6ms)
  Rendered /Users/jimpugh/.rvm/gems/ruby-2.2.1/gems/actionpack-4.2.5/lib/action_dispatch/middleware/templates/rescues/_trace.html.erb (4.0ms)
  Rendered /Users/jimpugh/.rvm/gems/ruby-2.2.1/gems/actionpack-4.2.5/lib/action_dispatch/middleware/templates/rescues/_request_and_response.html.erb (1.9ms)
  Rendered /Users/jimpugh/.rvm/gems/ruby-2.2.1/gems/actionpack-4.2.5/lib/action_dispatch/middleware/templates/rescues/diagnostics.html.erb within rescues/layout (60.7ms)


Started GET "/voters/1ekg" for 127.0.0.1 at 2016-07-25 14:22:39 -0700
Processing by VotersController#voter_home as HTML
  Parameters: {"hashed_id"=>"1ekg"}
  [1m[35mVoter Load (0.3ms)[0m  SELECT  "voters".* FROM "voters" WHERE "voters"."id" = $1 LIMIT 1  [["id", 0]]
Completed 404 Not Found in 7ms (ActiveRecord: 1.9ms)

ActiveRecord::RecordNotFound (Couldn't find Voter with 'id'=0):
  app/models/voter.rb:55:in `find_by_hashed_id'
  app/controllers/voters_controller.rb:22:in `voter_home'


  Rendered /Users/jimpugh/.rvm/gems/ruby-2.2.1/gems/actionpack-4.2.5/lib/action_dispatch/middleware/templates/rescues/_source.erb (3.7ms)
  Rendered /Users/jimpugh/.rvm/gems/ruby-2.2.1/gems/actionpack-4.2.5/lib/action_dispatch/middleware/templates/rescues/_trace.html.erb (1.9ms)
  Rendered /Users/jimpugh/.rvm/gems/ruby-2.2.1/gems/actionpack-4.2.5/lib/action_dispatch/middleware/templates/rescues/_request_and_response.html.erb (1.1ms)
  Rendered /Users/jimpugh/.rvm/gems/ruby-2.2.1/gems/actionpack-4.2.5/lib/action_dispatch/middleware/templates/rescues/diagnostics.html.erb within rescues/layout (35.4ms)


Started GET "/voters/1ekg" for 127.0.0.1 at 2016-07-25 14:23:07 -0700
Processing by VotersController#voter_home as HTML
  Parameters: {"hashed_id"=>"1ekg"}
  [1m[36mVoter Load (0.2ms)[0m  [1mSELECT  "voters".* FROM "voters" WHERE "voters"."id" = $1 LIMIT 1[0m  [["id", 0]]
Completed 404 Not Found in 5ms (ActiveRecord: 1.5ms)

ActiveRecord::RecordNotFound (Couldn't find Voter with 'id'=0):
  app/models/voter.rb:55:in `find_by_hashed_id'
  app/controllers/voters_controller.rb:22:in `voter_home'


  Rendered /Users/jimpugh/.rvm/gems/ruby-2.2.1/gems/actionpack-4.2.5/lib/action_dispatch/middleware/templates/rescues/_source.erb (5.8ms)
  Rendered /Users/jimpugh/.rvm/gems/ruby-2.2.1/gems/actionpack-4.2.5/lib/action_dispatch/middleware/templates/rescues/_trace.html.erb (2.6ms)
  Rendered /Users/jimpugh/.rvm/gems/ruby-2.2.1/gems/actionpack-4.2.5/lib/action_dispatch/middleware/templates/rescues/_request_and_response.html.erb (1.6ms)
  Rendered /Users/jimpugh/.rvm/gems/ruby-2.2.1/gems/actionpack-4.2.5/lib/action_dispatch/middleware/templates/rescues/diagnostics.html.erb within rescues/layout (44.4ms)


Started GET "/voters/1ekg" for 127.0.0.1 at 2016-07-25 14:24:12 -0700
Processing by VotersController#voter_home as HTML
  Parameters: {"hashed_id"=>"1ekg"}
  [1m[35mVoter Load (0.3ms)[0m  SELECT  "voters".* FROM "voters" WHERE "voters"."id" = $1 LIMIT 1  [["id", 1]]
  Rendered voters/voter_home.html.erb within layouts/application (0.8ms)
Completed 200 OK in 68ms (Views: 56.0ms | ActiveRecord: 2.1ms)


Started GET "/" for 127.0.0.1 at 2016-07-25 14:24:28 -0700
Processing by VotersController#new as HTML
  Rendered voters/new.html.erb within layouts/application (2.2ms)
Completed 200 OK in 54ms (Views: 41.7ms | ActiveRecord: 1.9ms)


Started POST "/voters" for 127.0.0.1 at 2016-07-25 14:24:39 -0700
Processing by VotersController#create as HTML
  Parameters: {"utf8"=>"✓", "authenticity_token"=>"cD4lMXKgPJRifNM3Dg0s6ciPYnh0npXBFhXYbr+bjr/inKEFf24YXuJe9BFTNrpPniblWhJ9YZlo50tIX2iICQ==", "voter"=>{"firstname"=>"Jim", "lastname"=>"Pugh", "communication_mode"=>"email", "contact"=>"jim.pugh@gmail.com", "address"=>"88 KING ST UNIT 523", "language"=>"English", "english_comfort"=>"2", "first_time_voter"=>"0"}, "commit"=>"Sign Up"}
  [1m[36m (0.1ms)[0m  [1mBEGIN[0m
  [1m[35mVoter Exists (0.5ms)[0m  SELECT  1 AS one FROM "voters" WHERE ("voters"."contact" = 'jim.pugh@gmail.com' AND "voters"."communication_mode" = 'email') LIMIT 1
  [1m[36m (0.1ms)[0m  [1mROLLBACK[0m
  [1m[35m (0.1ms)[0m  BEGIN
  [1m[36mVoter Exists (0.2ms)[0m  [1mSELECT  1 AS one FROM "voters" WHERE ("voters"."contact" = 'jim.pugh@gmail.com' AND "voters"."communication_mode" = 'email') LIMIT 1[0m
  [1m[35m (0.1ms)[0m  ROLLBACK
  Rendered voters/new.html.erb within layouts/application (2.3ms)
Completed 200 OK in 20ms (Views: 11.5ms | ActiveRecord: 1.2ms)


Started GET "/voters" for 127.0.0.1 at 2016-07-25 14:26:26 -0700

ActionController::RoutingError (No route matches [GET] "/voters"):
  actionpack (4.2.5) lib/action_dispatch/middleware/debug_exceptions.rb:21:in `call'
  actionpack (4.2.5) lib/action_dispatch/middleware/show_exceptions.rb:30:in `call'
  railties (4.2.5) lib/rails/rack/logger.rb:38:in `call_app'
  railties (4.2.5) lib/rails/rack/logger.rb:20:in `block in call'
  activesupport (4.2.5) lib/active_support/tagged_logging.rb:68:in `block in tagged'
  activesupport (4.2.5) lib/active_support/tagged_logging.rb:26:in `tagged'
  activesupport (4.2.5) lib/active_support/tagged_logging.rb:68:in `tagged'
  railties (4.2.5) lib/rails/rack/logger.rb:20:in `call'
  actionpack (4.2.5) lib/action_dispatch/middleware/request_id.rb:21:in `call'
  rack (1.6.4) lib/rack/methodoverride.rb:22:in `call'
  rack (1.6.4) lib/rack/runtime.rb:18:in `call'
  activesupport (4.2.5) lib/active_support/cache/strategy/local_cache_middleware.rb:28:in `call'
  rack (1.6.4) lib/rack/lock.rb:17:in `call'
  actionpack (4.2.5) lib/action_dispatch/middleware/static.rb:116:in `call'
  rack (1.6.4) lib/rack/sendfile.rb:113:in `call'
  railties (4.2.5) lib/rails/engine.rb:518:in `call'
  railties (4.2.5) lib/rails/application.rb:165:in `call'
  rack (1.6.4) lib/rack/lock.rb:17:in `call'
  rack (1.6.4) lib/rack/content_length.rb:15:in `call'
  rack (1.6.4) lib/rack/handler/webrick.rb:88:in `service'
  /Users/jimpugh/.rvm/rubies/ruby-2.2.1/lib/ruby/2.2.0/webrick/httpserver.rb:138:in `service'
  /Users/jimpugh/.rvm/rubies/ruby-2.2.1/lib/ruby/2.2.0/webrick/httpserver.rb:94:in `run'
  /Users/jimpugh/.rvm/rubies/ruby-2.2.1/lib/ruby/2.2.0/webrick/server.rb:294:in `block in start_thread'


  Rendered /Users/jimpugh/.rvm/gems/ruby-2.2.1/gems/actionpack-4.2.5/lib/action_dispatch/middleware/templates/rescues/_trace.html.erb (3.9ms)
  Rendered /Users/jimpugh/.rvm/gems/ruby-2.2.1/gems/actionpack-4.2.5/lib/action_dispatch/middleware/templates/routes/_route.html.erb (2.3ms)
  Rendered /Users/jimpugh/.rvm/gems/ruby-2.2.1/gems/actionpack-4.2.5/lib/action_dispatch/middleware/templates/routes/_table.html.erb (6.5ms)
  Rendered /Users/jimpugh/.rvm/gems/ruby-2.2.1/gems/actionpack-4.2.5/lib/action_dispatch/middleware/templates/rescues/_request_and_response.html.erb (3.7ms)
  Rendered /Users/jimpugh/.rvm/gems/ruby-2.2.1/gems/actionpack-4.2.5/lib/action_dispatch/middleware/templates/rescues/routing_error.html.erb within rescues/layout (102.3ms)


Started GET "/" for 127.0.0.1 at 2016-07-25 14:26:31 -0700
Processing by VotersController#new as HTML
  Rendered voters/new.html.erb within layouts/application (18.2ms)
Completed 200 OK in 86ms (Views: 71.8ms | ActiveRecord: 2.4ms)


Started POST "/voters" for 127.0.0.1 at 2016-07-25 14:26:53 -0700
Processing by VotersController#create as HTML
  Parameters: {"utf8"=>"✓", "authenticity_token"=>"eSi3oWd2li01lxgs+CfN+8hbisGAYQeLU20CrVrd8K3rijOVariy57W1PwqlHFtdnvIN4+aC89Mtn5GLui72Gw==", "voter"=>{"firstname"=>"", "lastname"=>"", "communication_mode"=>"", "contact"=>"", "address"=>"", "language"=>"", "english_comfort"=>"", "first_time_voter"=>"0"}, "commit"=>"Sign Up"}
  [1m[36m (0.1ms)[0m  [1mBEGIN[0m
  [1m[35mVoter Exists (0.5ms)[0m  SELECT  1 AS one FROM "voters" WHERE ("voters"."contact" = '' AND "voters"."communication_mode" = '') LIMIT 1
  [1m[36m (0.2ms)[0m  [1mROLLBACK[0m
  [1m[35m (0.1ms)[0m  BEGIN
  [1m[36mVoter Exists (0.3ms)[0m  [1mSELECT  1 AS one FROM "voters" WHERE ("voters"."contact" = '' AND "voters"."communication_mode" = '') LIMIT 1[0m
  [1m[35m (0.1ms)[0m  ROLLBACK
  Rendered voters/new.html.erb within layouts/application (6.8ms)
Completed 200 OK in 33ms (Views: 18.9ms | ActiveRecord: 1.3ms)


Started GET "/" for 127.0.0.1 at 2016-07-25 14:27:39 -0700
Processing by VotersController#new as HTML
  Rendered voters/new.html.erb within layouts/application (10.9ms)
Completed 200 OK in 78ms (Views: 66.1ms | ActiveRecord: 1.6ms)
